<component name="ProjectRunConfigurationManager">
  <configuration default="false" name="test-watch:simple-notes" type="js.build_tools.npm">
    <package-json value="$PROJECT_DIR$/packages/alfred-simple-notes/package.json" />
    <command value="run" />
    <scripts>
      <script value="test:watch" />
    </scripts>
    <node-interpreter value="project" />
    <package-manager value="pnpm" />
    <envs />
    <method v="2" />
  </configuration>
</component>