<component name="ProjectRunConfigurationManager">
  <configuration default="false" name="test-watch:alfred-simple-notes" type="JavaScriptTestRunnerJest">
    <node-interpreter value="project" />
    <node-options value="--experimental-vm-modules" />
    <jest-package value="$PROJECT_DIR$/node_modules/jest" />
    <working-dir value="$PROJECT_DIR$/packages/alfred-simple-notes" />
    <jest-options value="--watch" />
    <envs />
    <scope-kind value="SUITE" />
    <test-file value="$PROJECT_DIR$/packages/alfred-simple-notes/test.spec.js" />
    <test-names>
      <test-name value="alfred-simple-notes" />
    </test-names>
    <method v="2" />
  </configuration>
</component>